【登录信息】
*d00a2fec9aa4fb0ac7ed4a5073a41808*
`登陆天数: 8天 / 191天
等级: 132
石头: 747
呼符: 0
体力: 1195.1366666666668 / 138
友情点: 10 / 19230`
*連続ログイン1日目
※ログインが途切れるか、7日到達すると
1日目から再開されます*
`フレンドポイント X 2000
9月交換券(2022) X 1
`*2600万DL突破記念 特別連続ログインボーナス*
*開催期間中、1日1回 最大7回 連続ログインボーナスをプレゼント！*
`白銀の果実 X 10
`_2022-08-31 19:40:51_
--------
*bbfa0f8f86ab06c3363ac879daeb0b6f*
`登陆天数: 8天 / 194天
等级: 128
石头: 658
呼符: 35
体力: 196.75666666666666 / 137
友情点: 0 / 15025`
*連続ログイン1日目
※ログインが途切れるか、7日到達すると
1日目から再開されます*
`フレンドポイント X 2000
9月交換券(2022) X 1
`*2600万DL突破記念 特別連続ログインボーナス*
*開催期間中、1日1回 最大7回 連続ログインボーナスをプレゼント！*
`白銀の果実 X 10
`_2022-08-31 19:40:59_
--------
