【登录信息】
*d00a2fec9aa4fb0ac7ed4a5073a41808*
`登陆天数: 9天 / 192天
等级: 132
石头: 747
呼符: 0
体力: 1483.0866666666666 / 138
友情点: 0 / 19230`
*連続ログイン2日目
※ログインが途切れるか、7日到達すると
1日目から再開されます*
`聖晶石 X 1
9月交換券(2022) X 1
`*2600万DL突破記念 特別連続ログインボーナス*
*開催期間中、1日1回 最大7回 連続ログインボーナスをプレゼント！*
`黄金の果実 X 10
`_2022-09-01 19:40:36_
--------
*bbfa0f8f86ab06c3363ac879daeb0b6f*
`登陆天数: 9天 / 195天
等级: 128
石头: 665
呼符: 48
体力: 109.0 / 137
友情点: 0 / 19510`
*連続ログイン2日目
※ログインが途切れるか、7日到達すると
1日目から再開されます*
`聖晶石 X 1
9月交換券(2022) X 1
`*2600万DL突破記念 特別連続ログインボーナス*
*開催期間中、1日1回 最大7回 連続ログインボーナスをプレゼント！*
`黄金の果実 X 10
`_2022-09-01 19:40:44_
--------
