【登录信息】
*d00a2fec9aa4fb0ac7ed4a5073a41808*
`登陆天数: 11天 / 194天
等级: 132
石头: 747
呼符: 0
体力: 2058.92 / 138
友情点: 0 / 19250`
*連続ログイン4日目
※ログインが途切れるか、7日到達すると
1日目から再開されます*
`聖晶石 X 1
9月交換券(2022) X 1
`*2600万DL突破記念 特別連続ログインボーナス*
*開催期間中、1日1回 最大7回 連続ログインボーナスをプレゼント！*
`QP X 10000000
`_2022-09-03 19:39:47_
--------
*bbfa0f8f86ab06c3363ac879daeb0b6f*
`登陆天数: 11天 / 197天
等级: 128
石头: 665
呼符: 48
体力: 558.7333333333333 / 137
友情点: 0 / 19535`
*連続ログイン4日目
※ログインが途切れるか、7日到達すると
1日目から再開されます*
`聖晶石 X 1
9月交換券(2022) X 1
`*2600万DL突破記念 特別連続ログインボーナス*
*開催期間中、1日1回 最大7回 連続ログインボーナスをプレゼント！*
`QP X 10000000
`_2022-09-03 19:39:55_
--------
