【登录信息】
*d00a2fec9aa4fb0ac7ed4a5073a41808*
`登陆天数: 13天 / 196天
等级: 132
石头: 747
呼符: 0
体力: 2634.9866666666667 / 138
友情点: 0 / 19270`
*連続ログイン6日目
※ログインが途切れるか、7日到達すると
1日目から再開されます*
`聖晶石 X 2
9月交換券(2022) X 1
`*2600万DL突破記念 特別連続ログインボーナス*
*開催期間中、1日1回 最大7回 連続ログインボーナスをプレゼント！*
`英霊結晶・太陽のフォウくん X 10
`_2022-09-05 19:40:06_
--------
*bbfa0f8f86ab06c3363ac879daeb0b6f*
`登陆天数: 13天 / 199天
等级: 128
石头: 665
呼符: 48
体力: 1134.7966666666666 / 137
友情点: 0 / 19535`
*連続ログイン6日目
※ログインが途切れるか、7日到達すると
1日目から再開されます*
`聖晶石 X 2
9月交換券(2022) X 1
`*2600万DL突破記念 特別連続ログインボーナス*
*開催期間中、1日1回 最大7回 連続ログインボーナスをプレゼント！*
`英霊結晶・太陽のフォウくん X 10
`_2022-09-05 19:40:14_
--------
