【登录信息】
*d00a2fec9aa4fb0ac7ed4a5073a41808*
`登陆天数: 14天 / 197天
等级: 132
石头: 747
呼符: 0
体力: 2923.1133333333332 / 138
友情点: 20 / 19290`
*連続ログイン7日間到達おめでとうございます！
明日は1日目からリスタートされます。*
`獣の足跡 X 1
呼符 X 1
9月交換券(2022) X 1
`*2600万DL突破記念 特別連続ログインボーナス*
*開催期間中、1日1回 最大7回 連続ログインボーナスをプレゼント！*
`呼符 X 10
`_2022-09-06 19:40:45_
--------
*bbfa0f8f86ab06c3363ac879daeb0b6f*
`登陆天数: 14天 / 200天
等级: 128
石头: 665
呼符: 48
体力: 1422.9233333333334 / 137
友情点: 0 / 19535`
*連続ログイン7日間到達おめでとうございます！
明日は1日目からリスタートされます。*
`獣の足跡 X 1
呼符 X 1
9月交換券(2022) X 1
`*2600万DL突破記念 特別連続ログインボーナス*
*開催期間中、1日1回 最大7回 連続ログインボーナスをプレゼント！*
`呼符 X 10
`_2022-09-06 19:40:53_
--------
