【登录信息】
*d00a2fec9aa4fb0ac7ed4a5073a41808*
`登陆天数: 15天 / 198天
等级: 132
石头: 747
呼符: 0
体力: 3212.11 / 138
友情点: 0 / 19290`
*連続ログイン1日目
※ログインが途切れるか、7日到達すると
1日目から再開されます*
`フレンドポイント X 2000
9月交換券(2022) X 1
`*Road to 7 [Lostbelt No.4]開催！*
*Road to 7 [Lostbelt No.4]開催！*
``_2022-09-07 19:45:43_
--------
*bbfa0f8f86ab06c3363ac879daeb0b6f*
`登陆天数: 15天 / 201天
等级: 128
石头: 545
呼符: 38
体力: 89.75333333333333 / 137
友情点: 0 / 19535`
*連続ログイン1日目
※ログインが途切れるか、7日到達すると
1日目から再開されます*
`フレンドポイント X 2000
9月交換券(2022) X 1
`_2022-09-07 19:45:51_
--------
