【登录信息】
*d00a2fec9aa4fb0ac7ed4a5073a41808*
`登陆天数: 25天 / 208天
等级: 132
石头: 747
呼符: 0
体力: 6091.42 / 138
友情点: 20 / 19370`
*連続ログイン4日目
※ログインが途切れるか、7日到達すると
1日目から再開されます*
`聖晶石 X 1
9月交換券(2022) X 1
`*京都国際マンガ・アニメフェア2022
出展記念 初回ログインボーナス*
*開催期間中、初回ログインで「聖晶石×10」をプレゼント！*
`聖晶石 X 10
`_2022-09-17 19:42:16_
--------
*bbfa0f8f86ab06c3363ac879daeb0b6f*
`登陆天数: 25天 / 211天
等级: 129
石头: 571
呼符: 39
体力: 2554.55 / 138
友情点: 0 / 21345`
*連続ログイン4日目
※ログインが途切れるか、7日到達すると
1日目から再開されます*
`聖晶石 X 1
9月交換券(2022) X 1
`*京都国際マンガ・アニメフェア2022
出展記念 初回ログインボーナス*
*開催期間中、初回ログインで「聖晶石×10」をプレゼント！*
`聖晶石 X 10
`_2022-09-17 19:42:24_
--------
