【登录信息】
*d00a2fec9aa4fb0ac7ed4a5073a41808*
`登陆天数: 36天 / 219天
等级: 132
石头: 747
呼符: 0
体力: 9259.703333333333 / 138
友情点: 0 / 19420`
*連続ログイン1日目
※ログインが途切れるか、7日到達すると
1日目から再開されます*
`フレンドポイント X 2000
9月交換券(2022) X 1
`*Road to 7 [Lostbelt No.5 アトランティス]開催！*
*Road to 7 [Lostbelt No.5 アトランティス]開催！*
``_2022-09-28 19:43:41_
--------
*bbfa0f8f86ab06c3363ac879daeb0b6f*
`登陆天数: 36天 / 222天
等级: 129
石头: 571
呼符: 39
体力: 5722.833333333333 / 138
友情点: 0 / 21345`
*連続ログイン1日目
※ログインが途切れるか、7日到達すると
1日目から再開されます*
`フレンドポイント X 2000
9月交換券(2022) X 1
`*Road to 7 [Lostbelt No.5 アトランティス]開催！*
*Road to 7 [Lostbelt No.5 アトランティス]開催！*
``_2022-09-28 19:43:49_
--------
