【登录信息】
*d00a2fec9aa4fb0ac7ed4a5073a41808*
`登陆天数: 43天 / 226天
等级: 132
石头: 747
呼符: 0
体力: 11276.596666666666 / 138
友情点: 0 / 19450`
*連続ログイン1日目
※ログインが途切れるか、7日到達すると
1日目から再開されます*
`フレンドポイント X 2000
10月交換券(2022) X 1
`*Road to 7 [Lostbelt No.5 オリュンポス]開催！*
*Road to 7 [Lostbelt No.5 オリュンポス]開催！*
``_2022-10-05 19:48:09_
--------
*bbfa0f8f86ab06c3363ac879daeb0b6f*
`登陆天数: 43天 / 229天
等级: 129
石头: 571
呼符: 39
体力: 7739.7266666666665 / 138
友情点: 0 / 21345`
*連続ログイン1日目
※ログインが途切れるか、7日到達すると
1日目から再開されます*
`フレンドポイント X 2000
10月交換券(2022) X 1
`*Road to 7 [Lostbelt No.5 オリュンポス]開催！*
*Road to 7 [Lostbelt No.5 オリュンポス]開催！*
``_2022-10-05 19:48:17_
--------
