【登录信息】
*d00a2fec9aa4fb0ac7ed4a5073a41808*
`登陆天数: 45天 / 228天
等级: 132
石头: 747
呼符: 0
体力: 11851.683333333332 / 138
友情点: 0 / 19450`
*連続ログイン3日目
※ログインが途切れるか、7日到達すると
1日目から再開されます*
`叡智の業火 X 1
10月交換券(2022) X 1
`*FGO カルデア・ラジオ局 300回放送記念 初回ログインボーナス*
*開催期間中、初回ログインボーナスをプレゼント！*
`聖晶石 X 10
`_2022-10-07 19:43:35_
--------
*bbfa0f8f86ab06c3363ac879daeb0b6f*
`登陆天数: 45天 / 231天
等级: 129
石头: 571
呼符: 39
体力: 8314.813333333334 / 138
友情点: 0 / 21345`
*連続ログイン3日目
※ログインが途切れるか、7日到達すると
1日目から再開されます*
`叡智の業火 X 1
10月交換券(2022) X 1
`*FGO カルデア・ラジオ局 300回放送記念 初回ログインボーナス*
*開催期間中、初回ログインボーナスをプレゼント！*
`聖晶石 X 10
`_2022-10-07 19:43:43_
--------
