【登录信息】
*d00a2fec9aa4fb0ac7ed4a5073a41808*
`登陆天数: 50天 / 233天
等级: 132
石头: 747
呼符: 0
体力: 13292.063333333334 / 138
友情点: 0 / 19450`
*連続ログイン1日目
※ログインが途切れるか、7日到達すると
1日目から再開されます*
`フレンドポイント X 2000
10月交換券(2022) X 1
`*FGO カルデア放送局 ライト版 ～108人のハロウィン・リベリオン！～ 放送記念 初回ログインボーナス*
*開催期間中、初回ログインで「聖晶石×14」をプレゼント！*
`聖晶石 X 14
`_2022-10-12 19:45:29_
--------
*bbfa0f8f86ab06c3363ac879daeb0b6f*
`登陆天数: 50天 / 236天
等级: 129
石头: 571
呼符: 39
体力: 9755.193333333333 / 138
友情点: 0 / 21345`
*連続ログイン1日目
※ログインが途切れるか、7日到達すると
1日目から再開されます*
`フレンドポイント X 2000
10月交換券(2022) X 1
`*FGO カルデア放送局 ライト版 ～108人のハロウィン・リベリオン！～ 放送記念 初回ログインボーナス*
*開催期間中、初回ログインで「聖晶石×14」をプレゼント！*
`聖晶石 X 14
`_2022-10-12 19:45:37_
--------
