【登录信息】
*d00a2fec9aa4fb0ac7ed4a5073a41808*
`登陆天数: 54天 / 237天
等级: 132
石头: 747
呼符: 0
体力: 14443.403333333334 / 138
友情点: 0 / 19450`
*連続ログイン5日目
※ログインが途切れるか、7日到達すると
1日目から再開されます*
`叡智の業火 X 2
10月交換券(2022) X 1
`*「FGO キャスト＆スタッフトーク in マチ★アソビvol.25」
開催記念 初回ログインボーナス*
*開催期間中、初回ログインで「聖晶石×10」をプレゼント！*
`聖晶石 X 10
`_2022-10-16 19:42:11_
--------
*bbfa0f8f86ab06c3363ac879daeb0b6f*
`登陆天数: 54天 / 240天
等级: 129
石头: 571
呼符: 39
体力: 10906.533333333333 / 138
友情点: 0 / 21345`
*連続ログイン5日目
※ログインが途切れるか、7日到達すると
1日目から再開されます*
`叡智の業火 X 2
10月交換券(2022) X 1
`*「FGO キャスト＆スタッフトーク in マチ★アソビvol.25」
開催記念 初回ログインボーナス*
*開催期間中、初回ログインで「聖晶石×10」をプレゼント！*
`聖晶石 X 10
`_2022-10-16 19:42:19_
--------
